<?xml version="1.0" encoding="UTF-8"?>
<!-- Generated by org.testng.reporters.JUnitXMLReporter -->
<testsuite hostname="Sajid" name="Test(failed)" tests="1" failures="1" timestamp="15 Jan 2016 15:13:22 GMT" time="34.729" errors="0">
  <testcase name="mobileRechargeTest" time="11.233" classname="org.pack.rechargeitnowTest.WorkFlowTest">
    <failure type="java.util.NoSuchElementException">
      <![CDATA[java.util.NoSuchElementException
	at java.util.LinkedHashMap$LinkedHashIterator.nextNode(LinkedHashMap.java:713)
	at java.util.LinkedHashMap$LinkedKeyIterator.next(LinkedHashMap.java:734)
	at org.pack.businesslib.PopUpHandling.getPopUpHandles(PopUpHandling.java:17)
	at org.pack.rechargeitnowTest.WorkFlowTest.mobileRechargeTest(WorkFlowTest.java:140)
... Removed 24 stack frames]]>
    </failure>
  </testcase> <!-- mobileRechargeTest -->
</testsuite> <!-- Test(failed) -->
