<?xml version="1.0" encoding="UTF-8"?>
<testng-results skipped="0" failed="0" total="1" passed="1">
  <reporter-output>
  </reporter-output>
  <suite name="Suite" duration-ms="31685" started-at="2016-01-15T19:55:51Z" finished-at="2016-01-15T19:56:22Z">
    <groups>
    </groups>
    <test name="Test" duration-ms="31685" started-at="2016-01-15T19:55:51Z" finished-at="2016-01-15T19:56:22Z">
      <class name="org.pack.rechargeitnowTest.WorkFlowTest">
        <test-method status="PASS" signature="beforeClass()[pri:0, instance:org.pack.rechargeitnowTest.WorkFlowTest@2c8d66b2]" name="beforeClass" is-config="true" duration-ms="9233" started-at="2016-01-16T01:25:51Z" finished-at="2016-01-16T01:26:00Z">
          <reporter-output>
          </reporter-output>
        </test-method> <!-- beforeClass -->
        <test-method status="PASS" signature="loginToApp()[pri:0, instance:org.pack.rechargeitnowTest.WorkFlowTest@2c8d66b2]" name="loginToApp" is-config="true" duration-ms="8559" started-at="2016-01-16T01:26:00Z" finished-at="2016-01-16T01:26:08Z">
          <reporter-output>
          </reporter-output>
        </test-method> <!-- loginToApp -->
        <test-method status="PASS" signature="mobileRechargeTest()[pri:0, instance:org.pack.rechargeitnowTest.WorkFlowTest@2c8d66b2]" name="mobileRechargeTest" duration-ms="11502" started-at="2016-01-16T01:26:08Z" finished-at="2016-01-16T01:26:20Z">
          <reporter-output>
          </reporter-output>
        </test-method> <!-- mobileRechargeTest -->
        <test-method status="PASS" signature="afterMethod(org.testng.ITestResult)[pri:0, instance:org.pack.rechargeitnowTest.WorkFlowTest@2c8d66b2]" name="afterMethod" is-config="true" duration-ms="1082" started-at="2016-01-16T01:26:20Z" finished-at="2016-01-16T01:26:21Z">
          <params>
            <param index="0">
              <value>
                <![CDATA[[TestResult name=mobileRechargeTest status=SUCCESS method=WorkFlowTest.mobileRechargeTest()[pri:0, instance:org.pack.rechargeitnowTest.WorkFlowTest@2c8d66b2] output={null}]]]>
              </value>
            </param>
          </params>
          <reporter-output>
          </reporter-output>
        </test-method> <!-- afterMethod -->
        <test-method status="PASS" signature="afterClass()[pri:0, instance:org.pack.rechargeitnowTest.WorkFlowTest@2c8d66b2]" name="afterClass" is-config="true" duration-ms="1291" started-at="2016-01-16T01:26:21Z" finished-at="2016-01-16T01:26:22Z">
          <reporter-output>
          </reporter-output>
        </test-method> <!-- afterClass -->
      </class> <!-- org.pack.rechargeitnowTest.WorkFlowTest -->
    </test> <!-- Test -->
  </suite> <!-- Suite -->
</testng-results>
