<?xml version="1.0" encoding="UTF-8"?>
<testng-results skipped="0" failed="0" total="1" passed="1">
  <reporter-output>
  </reporter-output>
  <suite name="Default suite" duration-ms="49861" started-at="2015-12-02T17:04:21Z" finished-at="2015-12-02T17:05:11Z">
    <groups>
    </groups>
    <test name="Default test" duration-ms="49861" started-at="2015-12-02T17:04:21Z" finished-at="2015-12-02T17:05:11Z">
      <class name="org.pack.rechargeitnowTest.WorkFlowTest">
        <test-method status="PASS" signature="beforeClass()[pri:0, instance:org.pack.rechargeitnowTest.WorkFlowTest@1e643faf]" name="beforeClass" is-config="true" duration-ms="15357" started-at="2015-12-02T22:34:21Z" finished-at="2015-12-02T22:34:36Z">
          <reporter-output>
          </reporter-output>
        </test-method> <!-- beforeClass -->
        <test-method status="PASS" signature="loginToApp()[pri:0, instance:org.pack.rechargeitnowTest.WorkFlowTest@1e643faf]" name="loginToApp" is-config="true" duration-ms="7968" started-at="2015-12-02T22:34:36Z" finished-at="2015-12-02T22:34:44Z">
          <reporter-output>
          </reporter-output>
        </test-method> <!-- loginToApp -->
        <test-method status="PASS" signature="mobileRechargeTest()[pri:0, instance:org.pack.rechargeitnowTest.WorkFlowTest@1e643faf]" name="mobileRechargeTest" duration-ms="22167" started-at="2015-12-02T22:34:44Z" finished-at="2015-12-02T22:35:06Z">
          <reporter-output>
          </reporter-output>
        </test-method> <!-- mobileRechargeTest -->
        <test-method status="PASS" signature="afterMethod(org.testng.ITestResult)[pri:0, instance:org.pack.rechargeitnowTest.WorkFlowTest@1e643faf]" name="afterMethod" is-config="true" duration-ms="1317" started-at="2015-12-02T22:35:06Z" finished-at="2015-12-02T22:35:08Z">
          <params>
            <param index="0">
              <value>
                <![CDATA[[TestResult name=mobileRechargeTest status=SUCCESS method=WorkFlowTest.mobileRechargeTest()[pri:0, instance:org.pack.rechargeitnowTest.WorkFlowTest@1e643faf] output={null}]]]>
              </value>
            </param>
          </params>
          <reporter-output>
          </reporter-output>
        </test-method> <!-- afterMethod -->
        <test-method status="PASS" signature="afterClass()[pri:0, instance:org.pack.rechargeitnowTest.WorkFlowTest@1e643faf]" name="afterClass" is-config="true" duration-ms="2999" started-at="2015-12-02T22:35:08Z" finished-at="2015-12-02T22:35:11Z">
          <reporter-output>
          </reporter-output>
        </test-method> <!-- afterClass -->
      </class> <!-- org.pack.rechargeitnowTest.WorkFlowTest -->
    </test> <!-- Default test -->
  </suite> <!-- Default suite -->
</testng-results>
